app/build/intermediates/manifest_merge_blame_file/debug/manifest-merger-blame-debug-report.txt
1<?xml version="1.0" encoding="utf-8"?>
2<manifest xmlns:android="http://schemas.android.com/apk/res/android"
3    package="com.example.madpt"
4    android:versionCode="1"
5    android:versionName="1.0" >
6
7    <uses-sdk
8        android:minSdkVersion="26"
<<<<<<< HEAD
8-->src\main\AndroidManifest.xml
9        android:targetSdkVersion="31" />
9-->src\main\AndroidManifest.xml
10
11    <uses-permission android:name="android.permission.INTERNET" />
11-->src\main\AndroidManifest.xml:5:5-67
11-->src\main\AndroidManifest.xml:5:22-64
12
13    <queries>
13-->[com.kakao.sdk:v2-common:2.9.0] AndroidManifest.xml:9:5-22:15
14        <package android:name="com.kakao.talk" />
14-->[com.kakao.sdk:v2-common:2.9.0] AndroidManifest.xml:10:9-50
14-->[com.kakao.sdk:v2-common:2.9.0] AndroidManifest.xml:10:18-47
15        <package android:name="com.kakao.talk.alpha" />
15-->[com.kakao.sdk:v2-common:2.9.0] AndroidManifest.xml:11:9-56
15-->[com.kakao.sdk:v2-common:2.9.0] AndroidManifest.xml:11:18-53
16        <package android:name="com.kakao.talk.sandbox" />
16-->[com.kakao.sdk:v2-common:2.9.0] AndroidManifest.xml:12:9-58
16-->[com.kakao.sdk:v2-common:2.9.0] AndroidManifest.xml:12:18-55
17        <package android:name="com.kakao.onetalk" />
17-->[com.kakao.sdk:v2-common:2.9.0] AndroidManifest.xml:13:9-53
17-->[com.kakao.sdk:v2-common:2.9.0] AndroidManifest.xml:13:18-50
18
19        <intent>
19-->[com.kakao.sdk:v2-common:2.9.0] AndroidManifest.xml:15:9-21:18
20            <action android:name="android.intent.action.VIEW" />
20-->src\main\AndroidManifest.xml:22:17-69
20-->src\main\AndroidManifest.xml:22:25-66
21
22            <category android:name="android.intent.category.BROWSABLE" />
22-->src\main\AndroidManifest.xml:25:17-78
22-->src\main\AndroidManifest.xml:25:27-75
23
24            <data android:scheme="https" />
24-->src\main\AndroidManifest.xml:28:17-30:65
24-->src\main\AndroidManifest.xml:30:21-62
=======
8-->src/main/AndroidManifest.xml
9        android:targetSdkVersion="31" />
9-->src/main/AndroidManifest.xml
10
11    <uses-permission android:name="android.permission.INTERNET" />
11-->src/main/AndroidManifest.xml:5:5-67
11-->src/main/AndroidManifest.xml:5:22-64
12
13    <queries>
13-->[com.kakao.sdk:v2-common:2.9.0] AndroidManifest.xml:9:5-22:15
14        <package android:name="com.kakao.talk" />
14-->[com.kakao.sdk:v2-common:2.9.0] AndroidManifest.xml:10:9-50
14-->[com.kakao.sdk:v2-common:2.9.0] AndroidManifest.xml:10:18-47
15        <package android:name="com.kakao.talk.alpha" />
15-->[com.kakao.sdk:v2-common:2.9.0] AndroidManifest.xml:11:9-56
15-->[com.kakao.sdk:v2-common:2.9.0] AndroidManifest.xml:11:18-53
16        <package android:name="com.kakao.talk.sandbox" />
16-->[com.kakao.sdk:v2-common:2.9.0] AndroidManifest.xml:12:9-58
16-->[com.kakao.sdk:v2-common:2.9.0] AndroidManifest.xml:12:18-55
17        <package android:name="com.kakao.onetalk" />
17-->[com.kakao.sdk:v2-common:2.9.0] AndroidManifest.xml:13:9-53
17-->[com.kakao.sdk:v2-common:2.9.0] AndroidManifest.xml:13:18-50
18
19        <intent>
19-->[com.kakao.sdk:v2-common:2.9.0] AndroidManifest.xml:15:9-21:18
20            <action android:name="android.intent.action.VIEW" />
20-->src/main/AndroidManifest.xml:22:17-69
20-->src/main/AndroidManifest.xml:22:25-66
21
22            <category android:name="android.intent.category.BROWSABLE" />
22-->src/main/AndroidManifest.xml:25:17-78
22-->src/main/AndroidManifest.xml:25:27-75
23
24            <data android:scheme="https" />
24-->src/main/AndroidManifest.xml:28:17-30:65
24-->src/main/AndroidManifest.xml:30:21-62
>>>>>>> 7b5d7919c53de68a180cb3e02e54ac1fe58f60e9
25        </intent>
26    </queries>
27
28    <application
<<<<<<< HEAD
28-->src\main\AndroidManifest.xml:7:5-49:19
29        android:name="com.example.madpt.login.MyApplication"
29-->src\main\AndroidManifest.xml:8:9-44
30        android:allowBackup="true"
30-->src\main\AndroidManifest.xml:9:9-35
31        android:appComponentFactory="androidx.core.app.CoreComponentFactory"
31-->[androidx.core:core:1.7.0] AndroidManifest.xml:24:18-86
32        android:debuggable="true"
33        android:extractNativeLibs="false"
34        android:icon="@mipmap/ic_launcher"
34-->src\main\AndroidManifest.xml:10:9-43
35        android:label="@string/app_name"
35-->src\main\AndroidManifest.xml:11:9-41
36        android:roundIcon="@mipmap/ic_launcher_round"
36-->src\main\AndroidManifest.xml:12:9-54
37        android:supportsRtl="true"
37-->src\main\AndroidManifest.xml:13:9-35
38        android:testOnly="true"
39        android:theme="@style/Theme.MADPT" >
39-->src\main\AndroidManifest.xml:14:9-43
40        <activity
40-->src\main\AndroidManifest.xml:15:9-17:40
41            android:name="com.example.madpt.profile.StartProfile"
41-->src\main\AndroidManifest.xml:16:13-49
42            android:exported="false" />
42-->src\main\AndroidManifest.xml:17:13-37
43        <activity
43-->src\main\AndroidManifest.xml:18:9-32:20
44            android:name="com.kakao.sdk.auth.AuthCodeHandlerActivity"
44-->src\main\AndroidManifest.xml:19:13-70
45            android:exported="true"
45-->src\main\AndroidManifest.xml:20:13-36
46            android:launchMode="singleTask"
46-->[com.kakao.sdk:v2-auth:2.9.0] AndroidManifest.xml:17:13-44
47            android:theme="@style/TransparentCompat" >
47-->[com.kakao.sdk:v2-auth:2.9.0] AndroidManifest.xml:18:13-53
48            <intent-filter>
48-->src\main\AndroidManifest.xml:21:13-31:29
49                <action android:name="android.intent.action.VIEW" />
49-->src\main\AndroidManifest.xml:22:17-69
49-->src\main\AndroidManifest.xml:22:25-66
50
51                <category android:name="android.intent.category.DEFAULT" />
51-->src\main\AndroidManifest.xml:24:17-76
51-->src\main\AndroidManifest.xml:24:27-73
52                <category android:name="android.intent.category.BROWSABLE" />
52-->src\main\AndroidManifest.xml:25:17-78
52-->src\main\AndroidManifest.xml:25:27-75
53
54                <!-- Redirect URI: "kakao{NATIVE_APP_KEY}://oauth“ -->
55                <data
55-->src\main\AndroidManifest.xml:28:17-30:65
56                    android:host="oauth"
56-->src\main\AndroidManifest.xml:29:21-41
57                    android:scheme="@string/kakao_native_key" />
57-->src\main\AndroidManifest.xml:30:21-62
58            </intent-filter>
59        </activity>
60        <activity
60-->src\main\AndroidManifest.xml:33:9-42:20
61            android:name="com.example.madpt.splash.SplashActivity"
61-->src\main\AndroidManifest.xml:34:13-50
62            android:exported="true"
62-->src\main\AndroidManifest.xml:35:13-36
63            android:theme="@style/SplashTheme" >
63-->src\main\AndroidManifest.xml:36:13-47
64            <intent-filter>
64-->src\main\AndroidManifest.xml:37:13-41:29
65                <action android:name="android.intent.action.MAIN" />
65-->src\main\AndroidManifest.xml:38:17-69
65-->src\main\AndroidManifest.xml:38:25-66
66
67                <category android:name="android.intent.category.LAUNCHER" />
67-->src\main\AndroidManifest.xml:40:17-77
67-->src\main\AndroidManifest.xml:40:27-74
68            </intent-filter>
69        </activity>
70        <activity
70-->src\main\AndroidManifest.xml:43:9-45:39
71            android:name="com.example.madpt.MainActivity"
71-->src\main\AndroidManifest.xml:44:13-41
72            android:exported="true" />
72-->src\main\AndroidManifest.xml:45:13-36
73        <activity
73-->src\main\AndroidManifest.xml:46:9-48:39
74            android:name="com.example.madpt.login.LoginActivity"
74-->src\main\AndroidManifest.xml:47:13-48
75            android:exported="true" />
75-->src\main\AndroidManifest.xml:48:13-36
76        <activity
76-->[com.kakao.sdk:v2-auth:2.9.0] AndroidManifest.xml:10:9-14:56
77            android:name="com.kakao.sdk.auth.TalkAuthCodeActivity"
77-->[com.kakao.sdk:v2-auth:2.9.0] AndroidManifest.xml:11:13-67
78            android:exported="false"
78-->[com.kakao.sdk:v2-auth:2.9.0] AndroidManifest.xml:12:13-37
79            android:launchMode="singleTask"
79-->[com.kakao.sdk:v2-auth:2.9.0] AndroidManifest.xml:13:13-44
80            android:theme="@style/TransparentCompat" />
80-->[com.kakao.sdk:v2-auth:2.9.0] AndroidManifest.xml:14:13-53
81        <activity
81-->[com.kakao.sdk:auth:1.30.3] AndroidManifest.xml:12:9-19:20
82            android:name="com.kakao.auth.authorization.authcode.KakaoWebViewActivity"
82-->[com.kakao.sdk:auth:1.30.3] AndroidManifest.xml:13:13-86
83            android:configChanges="orientation|screenSize"
83-->[com.kakao.sdk:auth:1.30.3] AndroidManifest.xml:14:13-59
84            android:exported="false"
84-->[com.kakao.sdk:auth:1.30.3] AndroidManifest.xml:15:13-37
85            android:label="@string/com_kakao_login_button"
85-->[com.kakao.sdk:auth:1.30.3] AndroidManifest.xml:16:13-59
86            android:launchMode="singleTop"
86-->[com.kakao.sdk:auth:1.30.3] AndroidManifest.xml:17:13-43
87            android:windowSoftInputMode="adjustResize" >
87-->[com.kakao.sdk:auth:1.30.3] AndroidManifest.xml:18:13-55
88        </activity>
89
90        <provider
90-->[androidx.emoji2:emoji2:1.0.0] AndroidManifest.xml:26:9-34:20
91            android:name="androidx.startup.InitializationProvider"
91-->[androidx.emoji2:emoji2:1.0.0] AndroidManifest.xml:27:13-67
92            android:authorities="com.example.madpt.androidx-startup"
92-->[androidx.emoji2:emoji2:1.0.0] AndroidManifest.xml:28:13-68
93            android:exported="false" >
93-->[androidx.emoji2:emoji2:1.0.0] AndroidManifest.xml:29:13-37
94            <meta-data
94-->[androidx.emoji2:emoji2:1.0.0] AndroidManifest.xml:31:13-33:52
95                android:name="androidx.emoji2.text.EmojiCompatInitializer"
95-->[androidx.emoji2:emoji2:1.0.0] AndroidManifest.xml:32:17-75
96                android:value="androidx.startup" />
96-->[androidx.emoji2:emoji2:1.0.0] AndroidManifest.xml:33:17-49
97            <meta-data
97-->[androidx.lifecycle:lifecycle-process:2.4.0] AndroidManifest.xml:31:13-33:52
98                android:name="androidx.lifecycle.ProcessLifecycleInitializer"
98-->[androidx.lifecycle:lifecycle-process:2.4.0] AndroidManifest.xml:32:17-78
99                android:value="androidx.startup" />
99-->[androidx.lifecycle:lifecycle-process:2.4.0] AndroidManifest.xml:33:17-49
=======
28-->src/main/AndroidManifest.xml:7:5-49:19
29        android:name="com.example.madpt.login.MyApplication"
29-->src/main/AndroidManifest.xml:8:9-44
30        android:allowBackup="true"
30-->src/main/AndroidManifest.xml:9:9-35
31        android:appComponentFactory="androidx.core.app.CoreComponentFactory"
31-->[androidx.core:core:1.7.0] AndroidManifest.xml:24:18-86
32        android:debuggable="true"
33        android:extractNativeLibs="false"
34        android:icon="@mipmap/ic_launcher"
34-->src/main/AndroidManifest.xml:10:9-43
35        android:label="@string/app_name"
35-->src/main/AndroidManifest.xml:11:9-41
36        android:roundIcon="@mipmap/ic_launcher_round"
36-->src/main/AndroidManifest.xml:12:9-54
37        android:supportsRtl="true"
37-->src/main/AndroidManifest.xml:13:9-35
38        android:testOnly="true"
39        android:theme="@style/Theme.MADPT" >
39-->src/main/AndroidManifest.xml:14:9-43
40        <activity
40-->src/main/AndroidManifest.xml:15:9-17:40
41            android:name="com.example.madpt.profile.StartProfile"
41-->src/main/AndroidManifest.xml:16:13-49
42            android:exported="false" />
42-->src/main/AndroidManifest.xml:17:13-37
43        <activity
43-->src/main/AndroidManifest.xml:18:9-32:20
44            android:name="com.kakao.sdk.auth.AuthCodeHandlerActivity"
44-->src/main/AndroidManifest.xml:19:13-70
45            android:exported="true"
45-->src/main/AndroidManifest.xml:20:13-36
46            android:launchMode="singleTask"
46-->[com.kakao.sdk:v2-auth:2.9.0] AndroidManifest.xml:17:13-44
47            android:theme="@style/TransparentCompat" >
47-->[com.kakao.sdk:v2-auth:2.9.0] AndroidManifest.xml:18:13-53
48            <intent-filter>
48-->src/main/AndroidManifest.xml:21:13-31:29
49                <action android:name="android.intent.action.VIEW" />
49-->src/main/AndroidManifest.xml:22:17-69
49-->src/main/AndroidManifest.xml:22:25-66
50
51                <category android:name="android.intent.category.DEFAULT" />
51-->src/main/AndroidManifest.xml:24:17-76
51-->src/main/AndroidManifest.xml:24:27-73
52                <category android:name="android.intent.category.BROWSABLE" />
52-->src/main/AndroidManifest.xml:25:17-78
52-->src/main/AndroidManifest.xml:25:27-75
53
54                <!-- Redirect URI: "kakao{NATIVE_APP_KEY}://oauth“ -->
55                <data
55-->src/main/AndroidManifest.xml:28:17-30:65
56                    android:host="oauth"
56-->src/main/AndroidManifest.xml:29:21-41
57                    android:scheme="@string/kakao_native_key" />
57-->src/main/AndroidManifest.xml:30:21-62
58            </intent-filter>
59        </activity>
60        <activity
60-->src/main/AndroidManifest.xml:33:9-42:20
61            android:name="com.example.madpt.splash.SplashActivity"
61-->src/main/AndroidManifest.xml:34:13-50
62            android:exported="true"
62-->src/main/AndroidManifest.xml:35:13-36
63            android:theme="@style/SplashTheme" >
63-->src/main/AndroidManifest.xml:36:13-47
64            <intent-filter>
64-->src/main/AndroidManifest.xml:37:13-41:29
65                <action android:name="android.intent.action.MAIN" />
65-->src/main/AndroidManifest.xml:38:17-69
65-->src/main/AndroidManifest.xml:38:25-66
66
67                <category android:name="android.intent.category.LAUNCHER" />
67-->src/main/AndroidManifest.xml:40:17-77
67-->src/main/AndroidManifest.xml:40:27-74
68            </intent-filter>
69        </activity>
70        <activity
70-->src/main/AndroidManifest.xml:43:9-45:39
71            android:name="com.example.madpt.MainActivity"
71-->src/main/AndroidManifest.xml:44:13-41
72            android:exported="true" />
72-->src/main/AndroidManifest.xml:45:13-36
73        <activity
73-->src/main/AndroidManifest.xml:46:9-48:39
74            android:name="com.example.madpt.login.LoginActivity"
74-->src/main/AndroidManifest.xml:47:13-48
75            android:exported="true" />
75-->src/main/AndroidManifest.xml:48:13-36
76        <activity
76-->[com.kakao.sdk:v2-auth:2.9.0] AndroidManifest.xml:10:9-14:56
77            android:name="com.kakao.sdk.auth.TalkAuthCodeActivity"
77-->[com.kakao.sdk:v2-auth:2.9.0] AndroidManifest.xml:11:13-67
78            android:exported="false"
78-->[com.kakao.sdk:v2-auth:2.9.0] AndroidManifest.xml:12:13-37
79            android:launchMode="singleTask"
79-->[com.kakao.sdk:v2-auth:2.9.0] AndroidManifest.xml:13:13-44
80            android:theme="@style/TransparentCompat" />
80-->[com.kakao.sdk:v2-auth:2.9.0] AndroidManifest.xml:14:13-53
81        <activity
81-->[com.kakao.sdk:auth:1.30.3] AndroidManifest.xml:12:9-19:20
82            android:name="com.kakao.auth.authorization.authcode.KakaoWebViewActivity"
82-->[com.kakao.sdk:auth:1.30.3] AndroidManifest.xml:13:13-86
83            android:configChanges="orientation|screenSize"
83-->[com.kakao.sdk:auth:1.30.3] AndroidManifest.xml:14:13-59
84            android:exported="false"
84-->[com.kakao.sdk:auth:1.30.3] AndroidManifest.xml:15:13-37
85            android:label="@string/com_kakao_login_button"
85-->[com.kakao.sdk:auth:1.30.3] AndroidManifest.xml:16:13-59
86            android:launchMode="singleTop"
86-->[com.kakao.sdk:auth:1.30.3] AndroidManifest.xml:17:13-43
87            android:windowSoftInputMode="adjustResize" >
87-->[com.kakao.sdk:auth:1.30.3] AndroidManifest.xml:18:13-55
88        </activity>
89
90        <provider
90-->[androidx.emoji2:emoji2:1.0.0] AndroidManifest.xml:26:9-34:20
91            android:name="androidx.startup.InitializationProvider"
91-->[androidx.emoji2:emoji2:1.0.0] AndroidManifest.xml:27:13-67
92            android:authorities="com.example.madpt.androidx-startup"
92-->[androidx.emoji2:emoji2:1.0.0] AndroidManifest.xml:28:13-68
93            android:exported="false" >
93-->[androidx.emoji2:emoji2:1.0.0] AndroidManifest.xml:29:13-37
94            <meta-data
94-->[androidx.emoji2:emoji2:1.0.0] AndroidManifest.xml:31:13-33:52
95                android:name="androidx.emoji2.text.EmojiCompatInitializer"
95-->[androidx.emoji2:emoji2:1.0.0] AndroidManifest.xml:32:17-75
96                android:value="androidx.startup" />
96-->[androidx.emoji2:emoji2:1.0.0] AndroidManifest.xml:33:17-49
97            <meta-data
97-->[androidx.lifecycle:lifecycle-process:2.4.0] AndroidManifest.xml:31:13-33:52
98                android:name="androidx.lifecycle.ProcessLifecycleInitializer"
98-->[androidx.lifecycle:lifecycle-process:2.4.0] AndroidManifest.xml:32:17-78
99                android:value="androidx.startup" />
99-->[androidx.lifecycle:lifecycle-process:2.4.0] AndroidManifest.xml:33:17-49
>>>>>>> 7b5d7919c53de68a180cb3e02e54ac1fe58f60e9
100        </provider>
101    </application>
102
103</manifest>